This file contains any messages produced by compilers while
running configure, to aid debugging if configure makes a mistake.

It was created by FreeType configure 2.9.1, which was
generated by GNU Autoconf 2.69.  Invocation command line was

  $ ./configure 

## --------- ##
## Platform. ##
## --------- ##

hostname = DESKTOP-VVC940Q
uname -m = x86_64
uname -r = 4.4.0-18290-Microsoft
uname -s = Linux
uname -v = #1000-Microsoft Wed Nov 21 15:01:00 PST 2018

/usr/bin/uname -p = unknown
/bin/uname -X     = unknown

/bin/arch              = unknown
/usr/bin/arch -k       = unknown
/usr/convex/getsysinfo = unknown
/usr/bin/hostinfo      = unknown
/bin/machine           = unknown
/usr/bin/oslevel       = unknown
/bin/universe          = unknown

PATH: /usr/local/sbin
PATH: /usr/local/bin
PATH: /usr/sbin
PATH: /usr/bin
PATH: /sbin
PATH: /bin
PATH: /usr/games
PATH: /usr/local/games
PATH: /mnt/c/Program Files (x86)/Common Files/Oracle/Java/javapath
PATH: /mnt/c/ProgramData/Oracle/Java/javapath
PATH: /mnt/c/Program Files (x86)/Intel/iCLS Client/
PATH: /mnt/c/Program Files/Intel/iCLS Client/
PATH: /mnt/c/WINDOWS/system32
PATH: /mnt/c/WINDOWS
PATH: /mnt/c/WINDOWS/System32/Wbem
PATH: /mnt/c/WINDOWS/System32/WindowsPowerShell/v1.0/
PATH: /mnt/c/Program Files (x86)/Intel/Intel(R) Management Engine Components/DAL
PATH: /mnt/c/Program Files/Intel/Intel(R) Management Engine Components/DAL
PATH: /mnt/c/Program Files (x86)/Intel/Intel(R) Management Engine Components/IPT
PATH: /mnt/c/Program Files/Intel/Intel(R) Management Engine Components/IPT
PATH: /mnt/c/ProgramData/chocolatey/bin
PATH: /mnt/c/Program Files (x86)/NVIDIA Corporation/PhysX/Common
PATH: /mnt/c/WINDOWS/System32/OpenSSH/
PATH: /mnt/c/Program Files/Gemalto/Classic Client/BIN
PATH: /mnt/c/Program Files (x86)/Gemalto/Classic Client/BIN
PATH: /mnt/c/Program Files (x86)/Oberthur Technologies/AWP/Dlls
PATH: /mnt/c/Program Files/Oberthur Technologies/AWP/Dlls
PATH: /mnt/c/Program Files (x86)/eParaksts Token Signing
PATH: /mnt/c/Program Files/Intel/WiFi/bin/
PATH: /mnt/c/Program Files/Common Files/Intel/WirelessCommon/
PATH: /mnt/c/Program Files/NVIDIA Corporation/NVIDIA NvDLISR
PATH: /mnt/c/WINDOWS/system32
PATH: /mnt/c/WINDOWS
PATH: /mnt/c/WINDOWS/System32/Wbem
PATH: /mnt/c/WINDOWS/System32/WindowsPowerShell/v1.0/
PATH: /mnt/c/WINDOWS/System32/OpenSSH/
PATH: /mnt/c/Users/akuha/AppData/Local/Microsoft/WindowsApps
PATH: /mnt/c/Users/akuha/AppData/Local/GitHubDesktop/bin
PATH: /mnt/c/Users/akuha/AppData/Local/Microsoft/WindowsApps
PATH: /snap/bin
PATH: /usr/local/ps2dev/bin
PATH: /usr/local/ps2dev/ee/bin
PATH: /usr/local/ps2dev/iop/bin
PATH: /usr/local/ps2dev/dvp/bin
PATH: /usr/local/ps2dev/ps2sdk/bin


## ----------- ##
## Core tests. ##
## ----------- ##

configure:2545: checking build system type
configure:2559: result: x86_64-pc-linux-gnu
configure:2579: checking host system type
configure:2592: result: x86_64-pc-linux-gnu
configure:2664: checking for gcc
configure:2680: found /usr/bin/gcc
configure:2691: result: gcc
configure:2920: checking for C compiler version
configure:2929: gcc --version >&5
gcc (Ubuntu 5.4.0-6ubuntu1~16.04.10) 5.4.0 20160609
Copyright (C) 2015 Free Software Foundation, Inc.
This is free software; see the source for copying conditions.  There is NO
warranty; not even for MERCHANTABILITY or FITNESS FOR A PARTICULAR PURPOSE.

configure:2940: $? = 0
configure:2929: gcc -v >&5
Using built-in specs.
COLLECT_GCC=gcc
COLLECT_LTO_WRAPPER=/usr/lib/gcc/x86_64-linux-gnu/5/lto-wrapper
Target: x86_64-linux-gnu
Configured with: ../src/configure -v --with-pkgversion='Ubuntu 5.4.0-6ubuntu1~16.04.10' --with-bugurl=file:///usr/share/doc/gcc-5/README.Bugs --enable-languages=c,ada,c++,java,go,d,fortran,objc,obj-c++ --prefix=/usr --program-suffix=-5 --enable-shared --enable-linker-build-id --libexecdir=/usr/lib --without-included-gettext --enable-threads=posix --libdir=/usr/lib --enable-nls --with-sysroot=/ --enable-clocale=gnu --enable-libstdcxx-debug --enable-libstdcxx-time=yes --with-default-libstdcxx-abi=new --enable-gnu-unique-object --disable-vtable-verify --enable-libmpx --enable-plugin --with-system-zlib --disable-browser-plugin --enable-java-awt=gtk --enable-gtk-cairo --with-java-home=/usr/lib/jvm/java-1.5.0-gcj-5-amd64/jre --enable-java-home --with-jvm-root-dir=/usr/lib/jvm/java-1.5.0-gcj-5-amd64 --with-jvm-jar-dir=/usr/lib/jvm-exports/java-1.5.0-gcj-5-amd64 --with-arch-directory=amd64 --with-ecj-jar=/usr/share/java/eclipse-ecj.jar --enable-objc-gc --enable-multiarch --disable-werror --with-arch-32=i686 --with-abi=m64 --with-multilib-list=m32,m64,mx32 --enable-multilib --with-tune=generic --enable-checking=release --build=x86_64-linux-gnu --host=x86_64-linux-gnu --target=x86_64-linux-gnu
Thread model: posix
gcc version 5.4.0 20160609 (Ubuntu 5.4.0-6ubuntu1~16.04.10) 
configure:2940: $? = 0
configure:2929: gcc -V >&5
gcc: error: unrecognized command line option '-V'
gcc: fatal error: no input files
compilation terminated.
configure:2940: $? = 1
configure:2929: gcc -qversion >&5
gcc: error: unrecognized command line option '-qversion'
gcc: fatal error: no input files
compilation terminated.
configure:2940: $? = 1
configure:2960: checking whether the C compiler works
configure:2982: gcc    conftest.c  >&5
configure:2986: $? = 0
configure:3034: result: yes
configure:3037: checking for C compiler default output file name
configure:3039: result: a.out
configure:3045: checking for suffix of executables
configure:3052: gcc -o conftest    conftest.c  >&5
configure:3056: $? = 0
configure:3078: result: 
configure:3100: checking whether we are cross compiling
configure:3108: gcc -o conftest    conftest.c  >&5
configure:3112: $? = 0
configure:3119: ./conftest
configure:3123: $? = 0
configure:3138: result: no
configure:3143: checking for suffix of object files
configure:3165: gcc -c   conftest.c >&5
configure:3169: $? = 0
configure:3190: result: o
configure:3194: checking whether we are using the GNU C compiler
configure:3213: gcc -c   conftest.c >&5
configure:3213: $? = 0
configure:3222: result: yes
configure:3231: checking whether gcc accepts -g
configure:3251: gcc -c -g  conftest.c >&5
configure:3251: $? = 0
configure:3292: result: yes
configure:3309: checking for gcc option to accept ISO C89
configure:3372: gcc  -c -g -O2  conftest.c >&5
configure:3372: $? = 0
configure:3385: result: none needed
configure:3410: checking how to run the C preprocessor
configure:3441: gcc -E  conftest.c
configure:3441: $? = 0
configure:3455: gcc -E  conftest.c
conftest.c:9:28: fatal error: ac_nonexistent.h: No such file or directory
compilation terminated.
configure:3455: $? = 1
configure: failed program was:
| /* confdefs.h */
| #define PACKAGE_NAME "FreeType"
| #define PACKAGE_TARNAME "freetype"
| #define PACKAGE_VERSION "2.9.1"
| #define PACKAGE_STRING "FreeType 2.9.1"
| #define PACKAGE_BUGREPORT "freetype@nongnu.org"
| #define PACKAGE_URL ""
| /* end confdefs.h.  */
| #include <ac_nonexistent.h>
configure:3480: result: gcc -E
configure:3500: gcc -E  conftest.c
configure:3500: $? = 0
configure:3514: gcc -E  conftest.c
conftest.c:9:28: fatal error: ac_nonexistent.h: No such file or directory
compilation terminated.
configure:3514: $? = 1
configure: failed program was:
| /* confdefs.h */
| #define PACKAGE_NAME "FreeType"
| #define PACKAGE_TARNAME "freetype"
| #define PACKAGE_VERSION "2.9.1"
| #define PACKAGE_STRING "FreeType 2.9.1"
| #define PACKAGE_BUGREPORT "freetype@nongnu.org"
| #define PACKAGE_URL ""
| /* end confdefs.h.  */
| #include <ac_nonexistent.h>
configure:3598: checking for pkg-config
configure:3631: result: no
configure:3711: checking how to print strings
configure:3738: result: printf
configure:3759: checking for a sed that does not truncate output
configure:3823: result: /bin/sed
configure:3841: checking for grep that handles long lines and -e
configure:3899: result: /bin/grep
configure:3904: checking for egrep
configure:3966: result: /bin/grep -E
configure:3971: checking for fgrep
configure:4033: result: /bin/grep -F
configure:4068: checking for ld used by gcc
configure:4135: result: /usr/bin/ld
configure:4142: checking if the linker (/usr/bin/ld) is GNU ld
configure:4157: result: yes
configure:4169: checking for BSD- or MS-compatible name lister (nm)
configure:4223: result: /usr/bin/nm -B
configure:4353: checking the name lister (/usr/bin/nm -B) interface
configure:4360: gcc -c -g -O2  conftest.c >&5
configure:4363: /usr/bin/nm -B "conftest.o"
configure:4366: output
0000000000000000 B some_variable
configure:4373: result: BSD nm
configure:4376: checking whether ln -s works
configure:4380: result: yes
configure:4388: checking the maximum length of command line arguments
configure:4519: result: 1572864
configure:4567: checking how to convert x86_64-pc-linux-gnu file names to x86_64-pc-linux-gnu format
configure:4607: result: func_convert_file_noop
configure:4614: checking how to convert x86_64-pc-linux-gnu file names to toolchain format
configure:4634: result: func_convert_file_noop
configure:4641: checking for /usr/bin/ld option to reload object files
configure:4648: result: -r
configure:4722: checking for objdump
configure:4738: found /usr/bin/objdump
configure:4749: result: objdump
configure:4778: checking how to recognize dependent libraries
configure:4978: result: pass_all
configure:5063: checking for dlltool
configure:5093: result: no
configure:5120: checking how to associate runtime and link libraries
configure:5147: result: printf %s\n
configure:5208: checking for ar
configure:5224: found /usr/bin/ar
configure:5235: result: ar
configure:5272: checking for archiver @FILE support
configure:5289: gcc -c -g -O2  conftest.c >&5
configure:5289: $? = 0
configure:5292: ar cru libconftest.a @conftest.lst >&5
ar: `u' modifier ignored since `D' is the default (see `U')
configure:5295: $? = 0
configure:5300: ar cru libconftest.a @conftest.lst >&5
ar: `u' modifier ignored since `D' is the default (see `U')
ar: conftest.o: No such file or directory
configure:5303: $? = 1
configure:5315: result: @
configure:5373: checking for strip
configure:5389: found /usr/bin/strip
configure:5400: result: strip
configure:5472: checking for ranlib
configure:5488: found /usr/bin/ranlib
configure:5499: result: ranlib
configure:5576: checking for gawk
configure:5592: found /usr/bin/gawk
configure:5603: result: gawk
configure:5643: checking command to parse /usr/bin/nm -B output from gcc object
configure:5796: gcc -c -g -O2  conftest.c >&5
configure:5799: $? = 0
configure:5803: /usr/bin/nm -B conftest.o \| sed -n -e 's/^.*[ ]\([ABCDGIRSTW][ABCDGIRSTW]*\)[ ][ ]*\([_A-Za-z][_A-Za-z0-9]*\)$/\1 \2 \2/p' | sed '/ __gnu_lto/d' \> conftest.nm
configure:5806: $? = 0
configure:5872: gcc -o conftest -g -O2   conftest.c conftstm.o >&5
configure:5875: $? = 0
configure:5913: result: ok
configure:5960: checking for sysroot
configure:5990: result: no
configure:5997: checking for a working dd
configure:6035: result: /bin/dd
configure:6039: checking how to truncate binary pipes
configure:6054: result: /bin/dd bs=4096 count=1
configure:6190: gcc -c -g -O2  conftest.c >&5
configure:6193: $? = 0
configure:6383: checking for mt
configure:6399: found /bin/mt
configure:6410: result: mt
configure:6433: checking if mt is a manifest tool
configure:6439: mt '-?'
configure:6447: result: no
configure:7120: checking for ANSI C header files
configure:7140: gcc -c -g -O2  conftest.c >&5
configure:7140: $? = 0
configure:7213: gcc -o conftest -g -O2   conftest.c  >&5
configure:7213: $? = 0
configure:7213: ./conftest
configure:7213: $? = 0
configure:7224: result: yes
configure:7237: checking for sys/types.h
configure:7237: gcc -c -g -O2  conftest.c >&5
configure:7237: $? = 0
configure:7237: result: yes
configure:7237: checking for sys/stat.h
configure:7237: gcc -c -g -O2  conftest.c >&5
configure:7237: $? = 0
configure:7237: result: yes
configure:7237: checking for stdlib.h
configure:7237: gcc -c -g -O2  conftest.c >&5
configure:7237: $? = 0
configure:7237: result: yes
configure:7237: checking for string.h
configure:7237: gcc -c -g -O2  conftest.c >&5
configure:7237: $? = 0
configure:7237: result: yes
configure:7237: checking for memory.h
configure:7237: gcc -c -g -O2  conftest.c >&5
configure:7237: $? = 0
configure:7237: result: yes
configure:7237: checking for strings.h
configure:7237: gcc -c -g -O2  conftest.c >&5
configure:7237: $? = 0
configure:7237: result: yes
configure:7237: checking for inttypes.h
configure:7237: gcc -c -g -O2  conftest.c >&5
configure:7237: $? = 0
configure:7237: result: yes
configure:7237: checking for stdint.h
configure:7237: gcc -c -g -O2  conftest.c >&5
configure:7237: $? = 0
configure:7237: result: yes
configure:7237: checking for unistd.h
configure:7237: gcc -c -g -O2  conftest.c >&5
configure:7237: $? = 0
configure:7237: result: yes
configure:7251: checking for dlfcn.h
configure:7251: gcc -c -g -O2  conftest.c >&5
configure:7251: $? = 0
configure:7251: result: yes
configure:7805: checking for objdir
configure:7820: result: .libs
configure:8080: checking if gcc supports -fno-rtti -fno-exceptions
configure:8098: gcc -c -g -O2  -fno-rtti -fno-exceptions conftest.c >&5
cc1: warning: command line option '-fno-rtti' is valid for C++/ObjC++ but not for C
configure:8102: $? = 0
configure:8115: result: no
configure:8473: checking for gcc option to produce PIC
configure:8480: result: -fPIC -DPIC
configure:8488: checking if gcc PIC flag -fPIC -DPIC works
configure:8506: gcc -c -g -O2  -fPIC -DPIC -DPIC conftest.c >&5
configure:8510: $? = 0
configure:8523: result: yes
configure:8552: checking if gcc static flag -static works
configure:8580: result: yes
configure:8595: checking if gcc supports -c -o file.o
configure:8616: gcc -c -g -O2  -o out/conftest2.o conftest.c >&5
configure:8620: $? = 0
configure:8642: result: yes
configure:8650: checking if gcc supports -c -o file.o
configure:8697: result: yes
configure:8730: checking whether the gcc linker (/usr/bin/ld -m elf_x86_64) supports shared libraries
configure:9989: result: yes
configure:10026: checking whether -lc should be explicitly linked in
configure:10034: gcc -c -g -O2  conftest.c >&5
configure:10037: $? = 0
configure:10052: gcc -shared  -fPIC -DPIC conftest.o  -v -Wl,-soname -Wl,conftest -o conftest 2\>\&1 \| /bin/grep  -lc  \>/dev/null 2\>\&1
configure:10055: $? = 0
configure:10069: result: no
configure:10229: checking dynamic linker characteristics
configure:10810: gcc -o conftest -g -O2   -Wl,-rpath -Wl,/foo conftest.c  >&5
configure:10810: $? = 0
configure:11047: result: GNU/Linux ld.so
configure:11169: checking how to hardcode library paths into programs
configure:11194: result: immediate
configure:11742: checking whether stripping libraries is possible
configure:11747: result: yes
configure:11782: checking if libtool supports shared libraries
configure:11784: result: yes
configure:11787: checking whether to build shared libraries
configure:11812: result: yes
configure:11815: checking whether to build static libraries
configure:11819: result: yes
configure:11899: checking for windres
configure:11929: result: no
configure:12204: checking for a BSD-compatible install
configure:12272: result: /usr/bin/install -c
configure:12291: checking for a thread-safe mkdir -p
configure:12330: result: /bin/mkdir -p
configure:12344: checking for ANSI C header files
configure:12448: result: yes
configure:12459: checking fcntl.h usability
configure:12459: gcc -c -g -O2  conftest.c >&5
configure:12459: $? = 0
configure:12459: result: yes
configure:12459: checking fcntl.h presence
configure:12459: gcc -E  conftest.c
configure:12459: $? = 0
configure:12459: result: yes
configure:12459: checking for fcntl.h
configure:12459: result: yes
configure:12459: checking for unistd.h
configure:12459: result: yes
configure:12473: checking for an ANSI C-conforming const
configure:12539: gcc -c -g -O2  conftest.c >&5
configure:12539: $? = 0
configure:12546: result: yes
configure:12558: checking size of int
configure:12563: gcc -o conftest -g -O2   conftest.c  >&5
configure:12563: $? = 0
configure:12563: ./conftest
configure:12563: $? = 0
configure:12577: result: 4
configure:12591: checking size of long
configure:12596: gcc -o conftest -g -O2   conftest.c  >&5
configure:12596: $? = 0
configure:12596: ./conftest
configure:12596: $? = 0
configure:12610: result: 8
configure:12621: checking for unsigned long long int
configure:12660: gcc -o conftest -g -O2   conftest.c  >&5
configure:12660: $? = 0
configure:12669: result: yes
configure:12679: checking for long long int
configure:12717: gcc -o conftest -g -O2   conftest.c  >&5
configure:12717: $? = 0
configure:12717: ./conftest
configure:12717: $? = 0
configure:12729: result: yes
configure:12741: checking whether cpp computation of bit length in ftconfig.in works
configure:12796: result: yes
configure:12839: checking for special C compiler options needed for large files
configure:12884: result: no
configure:12890: checking for _FILE_OFFSET_BITS value needed for large files
configure:12915: gcc -c -g -O2  conftest.c >&5
configure:12915: $? = 0
configure:12947: result: no
configure:13049: checking for stdlib.h
configure:13049: result: yes

## ---------------- ##
## Cache variables. ##
## ---------------- ##

ac_cv_build=x86_64-pc-linux-gnu
ac_cv_c_compiler_gnu=yes
ac_cv_c_const=yes
ac_cv_env_BZIP2_CFLAGS_set=
ac_cv_env_BZIP2_CFLAGS_value=
ac_cv_env_BZIP2_LIBS_set=
ac_cv_env_BZIP2_LIBS_value=
ac_cv_env_CC_set=
ac_cv_env_CC_value=
ac_cv_env_CFLAGS_set=
ac_cv_env_CFLAGS_value=
ac_cv_env_CPPFLAGS_set=
ac_cv_env_CPPFLAGS_value=
ac_cv_env_CPP_set=
ac_cv_env_CPP_value=
ac_cv_env_HARFBUZZ_CFLAGS_set=
ac_cv_env_HARFBUZZ_CFLAGS_value=
ac_cv_env_HARFBUZZ_LIBS_set=
ac_cv_env_HARFBUZZ_LIBS_value=
ac_cv_env_LDFLAGS_set=
ac_cv_env_LDFLAGS_value=
ac_cv_env_LIBPNG_CFLAGS_set=
ac_cv_env_LIBPNG_CFLAGS_value=
ac_cv_env_LIBPNG_LIBS_set=
ac_cv_env_LIBPNG_LIBS_value=
ac_cv_env_LIBS_set=
ac_cv_env_LIBS_value=
ac_cv_env_LT_SYS_LIBRARY_PATH_set=
ac_cv_env_LT_SYS_LIBRARY_PATH_value=
ac_cv_env_PKG_CONFIG_LIBDIR_set=
ac_cv_env_PKG_CONFIG_LIBDIR_value=
ac_cv_env_PKG_CONFIG_PATH_set=
ac_cv_env_PKG_CONFIG_PATH_value=
ac_cv_env_PKG_CONFIG_set=
ac_cv_env_PKG_CONFIG_value=
ac_cv_env_ZLIB_CFLAGS_set=
ac_cv_env_ZLIB_CFLAGS_value=
ac_cv_env_ZLIB_LIBS_set=
ac_cv_env_ZLIB_LIBS_value=
ac_cv_env_build_alias_set=
ac_cv_env_build_alias_value=
ac_cv_env_host_alias_set=
ac_cv_env_host_alias_value=
ac_cv_env_target_alias_set=
ac_cv_env_target_alias_value=
ac_cv_header_dlfcn_h=yes
ac_cv_header_fcntl_h=yes
ac_cv_header_inttypes_h=yes
ac_cv_header_memory_h=yes
ac_cv_header_stdc=yes
ac_cv_header_stdint_h=yes
ac_cv_header_stdlib_h=yes
ac_cv_header_string_h=yes
ac_cv_header_strings_h=yes
ac_cv_header_sys_stat_h=yes
ac_cv_header_sys_types_h=yes
ac_cv_header_unistd_h=yes
ac_cv_host=x86_64-pc-linux-gnu
ac_cv_objext=o
ac_cv_path_EGREP='/bin/grep -E'
ac_cv_path_FGREP='/bin/grep -F'
ac_cv_path_GREP=/bin/grep
ac_cv_path_SED=/bin/sed
ac_cv_path_install='/usr/bin/install -c'
ac_cv_path_lt_DD=/bin/dd
ac_cv_path_mkdir=/bin/mkdir
ac_cv_prog_AWK=gawk
ac_cv_prog_CPP='gcc -E'
ac_cv_prog_ac_ct_AR=ar
ac_cv_prog_ac_ct_CC=gcc
ac_cv_prog_ac_ct_MANIFEST_TOOL=mt
ac_cv_prog_ac_ct_OBJDUMP=objdump
ac_cv_prog_ac_ct_RANLIB=ranlib
ac_cv_prog_ac_ct_STRIP=strip
ac_cv_prog_cc_c89=
ac_cv_prog_cc_g=yes
ac_cv_sizeof_int=4
ac_cv_sizeof_long=8
ac_cv_sys_file_offset_bits=no
ac_cv_sys_largefile_CC=no
ac_cv_type_long_long_int=yes
ac_cv_type_unsigned_long_long_int=yes
lt_cv_ar_at_file=@
lt_cv_archive_cmds_need_lc=no
lt_cv_deplibs_check_method=pass_all
lt_cv_file_magic_cmd='$MAGIC_CMD'
lt_cv_file_magic_test_file=
lt_cv_ld_reload_flag=-r
lt_cv_nm_interface='BSD nm'
lt_cv_objdir=.libs
lt_cv_path_LD=/usr/bin/ld
lt_cv_path_NM='/usr/bin/nm -B'
lt_cv_path_mainfest_tool=no
lt_cv_prog_compiler_c_o=yes
lt_cv_prog_compiler_c_o_RC=yes
lt_cv_prog_compiler_pic='-fPIC -DPIC'
lt_cv_prog_compiler_pic_works=yes
lt_cv_prog_compiler_rtti_exceptions=no
lt_cv_prog_compiler_static_works=yes
lt_cv_prog_gnu_ld=yes
lt_cv_sharedlib_from_linklib_cmd='printf %s\n'
lt_cv_shlibpath_overrides_runpath=no
lt_cv_sys_global_symbol_pipe='sed -n -e '\''s/^.*[	 ]\([ABCDGIRSTW][ABCDGIRSTW]*\)[	 ][	 ]*\([_A-Za-z][_A-Za-z0-9]*\)$/\1 \2 \2/p'\'' | sed '\''/ __gnu_lto/d'\'''
lt_cv_sys_global_symbol_to_c_name_address='sed -n -e '\''s/^: \(.*\) .*$/  {"\1", (void *) 0},/p'\'' -e '\''s/^[ABCDGIRSTW][ABCDGIRSTW]* .* \(.*\)$/  {"\1", (void *) \&\1},/p'\'''
lt_cv_sys_global_symbol_to_c_name_address_lib_prefix='sed -n -e '\''s/^: \(.*\) .*$/  {"\1", (void *) 0},/p'\'' -e '\''s/^[ABCDGIRSTW][ABCDGIRSTW]* .* \(lib.*\)$/  {"\1", (void *) \&\1},/p'\'' -e '\''s/^[ABCDGIRSTW][ABCDGIRSTW]* .* \(.*\)$/  {"lib\1", (void *) \&\1},/p'\'''
lt_cv_sys_global_symbol_to_cdecl='sed -n -e '\''s/^T .* \(.*\)$/extern int \1();/p'\'' -e '\''s/^[ABCDGIRSTW][ABCDGIRSTW]* .* \(.*\)$/extern char \1;/p'\'''
lt_cv_sys_global_symbol_to_import=
lt_cv_sys_max_cmd_len=1572864
lt_cv_to_host_file_cmd=func_convert_file_noop
lt_cv_to_tool_file_cmd=func_convert_file_noop
lt_cv_truncate_bin='/bin/dd bs=4096 count=1'

## ----------------- ##
## Output variables. ##
## ----------------- ##

AR='ar'
AS='as'
AWK='gawk'
BZIP2_CFLAGS=''
BZIP2_LIBS=''
CC='gcc'
CC_BUILD='gcc'
CFLAGS='-g -O2'
CPP='gcc -E'
CPPFLAGS=''
DEFS=''
DLLTOOL='false'
DSYMUTIL=''
DUMPBIN=''
ECHO_C=''
ECHO_N='-n'
ECHO_T=''
EGREP='/bin/grep -E'
EXEEXT=''
EXEEXT_BUILD=''
FGREP='/bin/grep -F'
FTSYS_SRC=''
GREP='/bin/grep'
HARFBUZZ_CFLAGS=''
HARFBUZZ_LIBS=''
INSTALL_DATA='${INSTALL} -m 644'
INSTALL_FT2_CONFIG='FALSE'
INSTALL_PROGRAM='${INSTALL}'
INSTALL_SCRIPT='${INSTALL}'
LD='/usr/bin/ld -m elf_x86_64'
LDFLAGS=''
LIBOBJS=''
LIBPNG_CFLAGS=''
LIBPNG_LIBS=''
LIBS=''
LIBSSTATIC_CONFIG=''
LIBS_PRIVATE=''
LIBTOOL='$(SHELL) $(top_builddir)/libtool'
LIB_CLOCK_GETTIME=''
LIPO=''
LN_S='ln -s'
LTLIBOBJS=''
LT_SYS_LIBRARY_PATH=''
MANIFEST_TOOL=':'
MKDIR_P='/bin/mkdir -p'
NM='/usr/bin/nm -B'
NMEDIT=''
OBJDUMP='objdump'
OBJEXT='o'
OTOOL64=''
OTOOL=''
PACKAGE_BUGREPORT='freetype@nongnu.org'
PACKAGE_NAME='FreeType'
PACKAGE_STRING='FreeType 2.9.1'
PACKAGE_TARNAME='freetype'
PACKAGE_URL=''
PACKAGE_VERSION='2.9.1'
PATH_SEPARATOR=':'
PKG_CONFIG=''
PKG_CONFIG_LIBDIR=''
PKG_CONFIG_PATH=''
RANLIB='ranlib'
RC=''
REQUIRES_PRIVATE=''
SED='/bin/sed'
SHELL='/bin/bash'
STRIP='strip'
XX_ANSIFLAGS=''
XX_CFLAGS=''
ZLIB_CFLAGS=''
ZLIB_LIBS=''
ac_ct_AR='ar'
ac_ct_CC='gcc'
ac_ct_DUMPBIN=''
bindir='${exec_prefix}/bin'
build='x86_64-pc-linux-gnu'
build_alias=''
build_cpu='x86_64'
build_libtool_libs=''
build_os='linux-gnu'
build_vendor='pc'
datadir='${datarootdir}'
datarootdir='${prefix}/share'
docdir='${datarootdir}/doc/${PACKAGE_TARNAME}'
dvidir='${docdir}'
exec_prefix='NONE'
ft_version='22.1.16'
ftmac_c=''
hardcode_libdir_flag_spec='$wl-rpath $wl$libdir'
host='x86_64-pc-linux-gnu'
host_alias=''
host_cpu='x86_64'
host_os='linux-gnu'
host_vendor='pc'
htmldir='${docdir}'
includedir='${prefix}/include'
infodir='${datarootdir}/info'
libdir='${exec_prefix}/lib'
libexecdir='${exec_prefix}/libexec'
localedir='${datarootdir}/locale'
localstatedir='${prefix}/var'
mandir='${datarootdir}/man'
oldincludedir='/usr/include'
pdfdir='${docdir}'
prefix='NONE'
program_transform_name='s,x,x,'
psdir='${docdir}'
sbindir='${exec_prefix}/sbin'
sharedstatedir='${prefix}/com'
sysconfdir='${prefix}/etc'
target_alias=''
version_info='22:1:16'
wl='-Wl,'

## ----------- ##
## confdefs.h. ##
## ----------- ##

/* confdefs.h */
#define PACKAGE_NAME "FreeType"
#define PACKAGE_TARNAME "freetype"
#define PACKAGE_VERSION "2.9.1"
#define PACKAGE_STRING "FreeType 2.9.1"
#define PACKAGE_BUGREPORT "freetype@nongnu.org"
#define PACKAGE_URL ""
#define STDC_HEADERS 1
#define HAVE_SYS_TYPES_H 1
#define HAVE_SYS_STAT_H 1
#define HAVE_STDLIB_H 1
#define HAVE_STRING_H 1
#define HAVE_MEMORY_H 1
#define HAVE_STRINGS_H 1
#define HAVE_INTTYPES_H 1
#define HAVE_STDINT_H 1
#define HAVE_UNISTD_H 1
#define HAVE_DLFCN_H 1
#define LT_OBJDIR ".libs/"
#define STDC_HEADERS 1
#define HAVE_FCNTL_H 1
#define HAVE_UNISTD_H 1
#define SIZEOF_INT 4
#define SIZEOF_LONG 8
#define HAVE_UNSIGNED_LONG_LONG_INT 1
#define HAVE_LONG_LONG_INT 1
#define HAVE_STDLIB_H 1

configure: caught signal 2
configure: exit 1
