This file contains any messages produced by compilers while
running configure, to aid debugging if configure makes a mistake.

It was created by FreeType configure 2.4.12, which was
generated by GNU Autoconf 2.69.  Invocation command line was

  $ ./configure 

## --------- ##
## Platform. ##
## --------- ##

hostname = INFINITY
uname -m = x86_64
uname -r = 3.2.0-43-generic
uname -s = Linux
uname -v = #68-Ubuntu SMP Wed May 15 03:33:33 UTC 2013

/usr/bin/uname -p = unknown
/bin/uname -X     = unknown

/bin/arch              = unknown
/usr/bin/arch -k       = unknown
/usr/convex/getsysinfo = unknown
/usr/bin/hostinfo      = unknown
/bin/machine           = unknown
/usr/bin/oslevel       = unknown
/bin/universe          = unknown

PATH: /usr/lib/lightdm/lightdm
PATH: /usr/local/sbin
PATH: /usr/local/bin
PATH: /usr/sbin
PATH: /usr/bin
PATH: /sbin
PATH: /bin
PATH: /usr/games
PATH: /usr/local/ps2dev/bin
PATH: /usr/local/ps2dev/ee/bin
PATH: /usr/local/ps2dev/iop/bin
PATH: /usr/local/ps2dev/dvp/bin
PATH: /usr/local/ps2dev/ps2sdk/bin


## ----------- ##
## Core tests. ##
## ----------- ##

configure:2480: checking build system type
configure:2494: result: x86_64-unknown-linux-gnu
configure:2514: checking host system type
configure:2527: result: x86_64-unknown-linux-gnu
configure:2599: checking for gcc
configure:2615: found /usr/bin/gcc
configure:2626: result: gcc
configure:2855: checking for C compiler version
configure:2864: gcc --version >&5
gcc (Ubuntu/Linaro 4.6.3-1ubuntu5) 4.6.3
Copyright (C) 2011 Free Software Foundation, Inc.
This is free software; see the source for copying conditions.  There is NO
warranty; not even for MERCHANTABILITY or FITNESS FOR A PARTICULAR PURPOSE.

configure:2875: $? = 0
configure:2864: gcc -v >&5
Using built-in specs.
COLLECT_GCC=gcc
COLLECT_LTO_WRAPPER=/usr/lib/gcc/x86_64-linux-gnu/4.6/lto-wrapper
Target: x86_64-linux-gnu
Configured with: ../src/configure -v --with-pkgversion='Ubuntu/Linaro 4.6.3-1ubuntu5' --with-bugurl=file:///usr/share/doc/gcc-4.6/README.Bugs --enable-languages=c,c++,fortran,objc,obj-c++ --prefix=/usr --program-suffix=-4.6 --enable-shared --enable-linker-build-id --with-system-zlib --libexecdir=/usr/lib --without-included-gettext --enable-threads=posix --with-gxx-include-dir=/usr/include/c++/4.6 --libdir=/usr/lib --enable-nls --with-sysroot=/ --enable-clocale=gnu --enable-libstdcxx-debug --enable-libstdcxx-time=yes --enable-gnu-unique-object --enable-plugin --enable-objc-gc --disable-werror --with-arch-32=i686 --with-tune=generic --enable-checking=release --build=x86_64-linux-gnu --host=x86_64-linux-gnu --target=x86_64-linux-gnu
Thread model: posix
gcc version 4.6.3 (Ubuntu/Linaro 4.6.3-1ubuntu5) 
configure:2875: $? = 0
configure:2864: gcc -V >&5
gcc: error: unrecognized option '-V'
gcc: fatal error: no input files
compilation terminated.
configure:2875: $? = 4
configure:2864: gcc -qversion >&5
gcc: error: unrecognized option '-qversion'
gcc: fatal error: no input files
compilation terminated.
configure:2875: $? = 4
configure:2895: checking whether the C compiler works
configure:2917: gcc    conftest.c  >&5
configure:2921: $? = 0
configure:2969: result: yes
configure:2972: checking for C compiler default output file name
configure:2974: result: a.out
configure:2980: checking for suffix of executables
configure:2987: gcc -o conftest    conftest.c  >&5
configure:2991: $? = 0
configure:3013: result: 
configure:3035: checking whether we are cross compiling
configure:3043: gcc -o conftest    conftest.c  >&5
configure:3047: $? = 0
configure:3054: ./conftest
configure:3058: $? = 0
configure:3073: result: no
configure:3078: checking for suffix of object files
configure:3100: gcc -c   conftest.c >&5
configure:3104: $? = 0
configure:3125: result: o
configure:3129: checking whether we are using the GNU C compiler
configure:3148: gcc -c   conftest.c >&5
configure:3148: $? = 0
configure:3157: result: yes
configure:3166: checking whether gcc accepts -g
configure:3186: gcc -c -g  conftest.c >&5
configure:3186: $? = 0
configure:3227: result: yes
configure:3244: checking for gcc option to accept ISO C89
configure:3307: gcc  -c -g -O2  conftest.c >&5
configure:3307: $? = 0
configure:3320: result: none needed
configure:3345: checking how to run the C preprocessor
configure:3376: gcc -E  conftest.c
configure:3376: $? = 0
configure:3390: gcc -E  conftest.c
conftest.c:9:28: fatal error: ac_nonexistent.h: No such file or directory
compilation terminated.
configure:3390: $? = 1
configure: failed program was:
| /* confdefs.h */
| #define PACKAGE_NAME "FreeType"
| #define PACKAGE_TARNAME "freetype"
| #define PACKAGE_VERSION "2.4.12"
| #define PACKAGE_STRING "FreeType 2.4.12"
| #define PACKAGE_BUGREPORT "freetype@nongnu.org"
| #define PACKAGE_URL ""
| /* end confdefs.h.  */
| #include <ac_nonexistent.h>
configure:3415: result: gcc -E
configure:3435: gcc -E  conftest.c
configure:3435: $? = 0
configure:3449: gcc -E  conftest.c
conftest.c:9:28: fatal error: ac_nonexistent.h: No such file or directory
compilation terminated.
configure:3449: $? = 1
configure: failed program was:
| /* confdefs.h */
| #define PACKAGE_NAME "FreeType"
| #define PACKAGE_TARNAME "freetype"
| #define PACKAGE_VERSION "2.4.12"
| #define PACKAGE_STRING "FreeType 2.4.12"
| #define PACKAGE_BUGREPORT "freetype@nongnu.org"
| #define PACKAGE_URL ""
| /* end confdefs.h.  */
| #include <ac_nonexistent.h>
configure:3642: checking for rmdir
configure:3658: found /bin/rmdir
configure:3669: result: rmdir
configure:3697: checking for a BSD-compatible install
configure:3765: result: /usr/bin/install -c
configure:3789: checking for grep that handles long lines and -e
configure:3847: result: /bin/grep
configure:3852: checking for egrep
configure:3914: result: /bin/grep -E
configure:3919: checking for ANSI C header files
configure:3939: gcc -c -g -O2  conftest.c >&5
configure:3939: $? = 0
configure:4012: gcc -o conftest -g -O2   conftest.c  >&5
configure:4012: $? = 0
configure:4012: ./conftest
configure:4012: $? = 0
configure:4023: result: yes
configure:4036: checking for sys/types.h
configure:4036: gcc -c -g -O2  conftest.c >&5
configure:4036: $? = 0
configure:4036: result: yes
configure:4036: checking for sys/stat.h
configure:4036: gcc -c -g -O2  conftest.c >&5
configure:4036: $? = 0
configure:4036: result: yes
configure:4036: checking for stdlib.h
configure:4036: gcc -c -g -O2  conftest.c >&5
configure:4036: $? = 0
configure:4036: result: yes
configure:4036: checking for string.h
configure:4036: gcc -c -g -O2  conftest.c >&5
configure:4036: $? = 0
configure:4036: result: yes
configure:4036: checking for memory.h
configure:4036: gcc -c -g -O2  conftest.c >&5
configure:4036: $? = 0
configure:4036: result: yes
configure:4036: checking for strings.h
configure:4036: gcc -c -g -O2  conftest.c >&5
configure:4036: $? = 0
configure:4036: result: yes
configure:4036: checking for inttypes.h
configure:4036: gcc -c -g -O2  conftest.c >&5
configure:4036: $? = 0
configure:4036: result: yes
configure:4036: checking for stdint.h
configure:4036: gcc -c -g -O2  conftest.c >&5
configure:4036: $? = 0
configure:4036: result: yes
configure:4036: checking for unistd.h
configure:4036: gcc -c -g -O2  conftest.c >&5
configure:4036: $? = 0
configure:4036: result: yes
configure:4051: checking fcntl.h usability
configure:4051: gcc -c -g -O2  conftest.c >&5
configure:4051: $? = 0
configure:4051: result: yes
configure:4051: checking fcntl.h presence
configure:4051: gcc -E  conftest.c
configure:4051: $? = 0
configure:4051: result: yes
configure:4051: checking for fcntl.h
configure:4051: result: yes
configure:4051: checking for unistd.h
configure:4051: result: yes
configure:4065: checking for an ANSI C-conforming const
configure:4131: gcc -c -g -O2  conftest.c >&5
configure:4131: $? = 0
configure:4138: result: yes
configure:4150: checking size of int
configure:4155: gcc -o conftest -g -O2   conftest.c  >&5
configure:4155: $? = 0
configure:4155: ./conftest
configure:4155: $? = 0
configure:4169: result: 4
configure:4183: checking size of long
configure:4188: gcc -o conftest -g -O2   conftest.c  >&5
configure:4188: $? = 0
configure:4188: ./conftest
configure:4188: $? = 0
configure:4202: result: 8
configure:4216: checking whether cpp computation of bit length in ftconfig.in works
configure:4273: result: yes
configure:4311: checking for stdlib.h
configure:4311: result: yes
configure:4311: checking for unistd.h
configure:4311: result: yes
configure:4311: checking for sys/param.h
configure:4311: gcc -c -g -O2  conftest.c >&5
configure:4311: $? = 0
configure:4311: result: yes
configure:4331: checking for getpagesize
configure:4331: gcc -o conftest -g -O2   conftest.c  >&5
configure:4331: $? = 0
configure:4331: result: yes
configure:4340: checking for working mmap
configure:4487: gcc -o conftest -g -O2   conftest.c  >&5

## ---------------- ##
## Cache variables. ##
## ---------------- ##

ac_cv_build=x86_64-unknown-linux-gnu
ac_cv_c_compiler_gnu=yes
ac_cv_c_const=yes
ac_cv_env_CC_set=
ac_cv_env_CC_value=
ac_cv_env_CFLAGS_set=
ac_cv_env_CFLAGS_value=
ac_cv_env_CPPFLAGS_set=
ac_cv_env_CPPFLAGS_value=
ac_cv_env_CPP_set=
ac_cv_env_CPP_value=
ac_cv_env_LDFLAGS_set=
ac_cv_env_LDFLAGS_value=
ac_cv_env_LIBS_set=
ac_cv_env_LIBS_value=
ac_cv_env_build_alias_set=
ac_cv_env_build_alias_value=
ac_cv_env_host_alias_set=
ac_cv_env_host_alias_value=
ac_cv_env_target_alias_set=
ac_cv_env_target_alias_value=
ac_cv_func_getpagesize=yes
ac_cv_header_fcntl_h=yes
ac_cv_header_inttypes_h=yes
ac_cv_header_memory_h=yes
ac_cv_header_stdc=yes
ac_cv_header_stdint_h=yes
ac_cv_header_stdlib_h=yes
ac_cv_header_string_h=yes
ac_cv_header_strings_h=yes
ac_cv_header_sys_param_h=yes
ac_cv_header_sys_stat_h=yes
ac_cv_header_sys_types_h=yes
ac_cv_header_unistd_h=yes
ac_cv_host=x86_64-unknown-linux-gnu
ac_cv_objext=o
ac_cv_path_EGREP='/bin/grep -E'
ac_cv_path_GREP=/bin/grep
ac_cv_path_install='/usr/bin/install -c'
ac_cv_prog_CPP='gcc -E'
ac_cv_prog_RMDIR=rmdir
ac_cv_prog_ac_ct_CC=gcc
ac_cv_prog_cc_c89=
ac_cv_prog_cc_g=yes
ac_cv_sizeof_int=4
ac_cv_sizeof_long=8

## ----------------- ##
## Output variables. ##
## ----------------- ##

AR=''
AS=''
AWK=''
CC='gcc'
CC_BUILD='gcc'
CFLAGS='-g -O2'
CPP='gcc -E'
CPPFLAGS=''
DEFS=''
DLLTOOL=''
DSYMUTIL=''
DUMPBIN=''
ECHO_C=''
ECHO_N='-n'
ECHO_T=''
EGREP='/bin/grep -E'
EXEEXT=''
EXEEXT_BUILD=''
FGREP=''
FT2_EXTRA_LIBS=''
FTSYS_SRC=''
GREP='/bin/grep'
INSTALL_DATA='${INSTALL} -m 644'
INSTALL_PROGRAM='${INSTALL}'
INSTALL_SCRIPT='${INSTALL}'
LD=''
LDFLAGS=''
LIBBZ2=''
LIBOBJS=''
LIBS=''
LIBTOOL=''
LIBZ=''
LIPO=''
LN_S=''
LTLIBOBJS=''
MANIFEST_TOOL=''
NM=''
NMEDIT=''
OBJDUMP=''
OBJEXT='o'
OTOOL64=''
OTOOL=''
PACKAGE_BUGREPORT='freetype@nongnu.org'
PACKAGE_NAME='FreeType'
PACKAGE_STRING='FreeType 2.4.12'
PACKAGE_TARNAME='freetype'
PACKAGE_URL=''
PACKAGE_VERSION='2.4.12'
PATH_SEPARATOR=':'
RANLIB=''
RMDIR='rmdir'
SED=''
SHELL='/bin/bash'
STRIP=''
SYSTEM_ZLIB=''
XX_ANSIFLAGS=''
XX_CFLAGS=''
ac_ct_AR=''
ac_ct_CC='gcc'
ac_ct_DUMPBIN=''
bindir='${exec_prefix}/bin'
build='x86_64-unknown-linux-gnu'
build_alias=''
build_cpu='x86_64'
build_libtool_libs=''
build_os='linux-gnu'
build_vendor='unknown'
datadir='${datarootdir}'
datarootdir='${prefix}/share'
docdir='${datarootdir}/doc/${PACKAGE_TARNAME}'
dvidir='${docdir}'
exec_prefix='NONE'
ft_version='16.1.10'
ftmac_c=''
hardcode_libdir_flag_spec=''
host='x86_64-unknown-linux-gnu'
host_alias=''
host_cpu='x86_64'
host_os='linux-gnu'
host_vendor='unknown'
htmldir='${docdir}'
includedir='${prefix}/include'
infodir='${datarootdir}/info'
libdir='${exec_prefix}/lib'
libexecdir='${exec_prefix}/libexec'
localedir='${datarootdir}/locale'
localstatedir='${prefix}/var'
mandir='${datarootdir}/man'
oldincludedir='/usr/include'
pdfdir='${docdir}'
prefix='NONE'
program_transform_name='s,x,x,'
psdir='${docdir}'
sbindir='${exec_prefix}/sbin'
sharedstatedir='${prefix}/com'
sysconfdir='${prefix}/etc'
target_alias=''
version_info='16:1:10'
wl=''

## ----------- ##
## confdefs.h. ##
## ----------- ##

/* confdefs.h */
#define PACKAGE_NAME "FreeType"
#define PACKAGE_TARNAME "freetype"
#define PACKAGE_VERSION "2.4.12"
#define PACKAGE_STRING "FreeType 2.4.12"
#define PACKAGE_BUGREPORT "freetype@nongnu.org"
#define PACKAGE_URL ""
#define STDC_HEADERS 1
#define HAVE_SYS_TYPES_H 1
#define HAVE_SYS_STAT_H 1
#define HAVE_STDLIB_H 1
#define HAVE_STRING_H 1
#define HAVE_MEMORY_H 1
#define HAVE_STRINGS_H 1
#define HAVE_INTTYPES_H 1
#define HAVE_STDINT_H 1
#define HAVE_UNISTD_H 1
#define HAVE_FCNTL_H 1
#define HAVE_UNISTD_H 1
#define SIZEOF_INT 4
#define SIZEOF_LONG 8
#define HAVE_STDLIB_H 1
#define HAVE_UNISTD_H 1
#define HAVE_SYS_PARAM_H 1
#define HAVE_GETPAGESIZE 1

configure: caught signal 2
configure: exit 1
